2026-05-06 09:00:04,330 [INFO] file_cache is only supported with oauth2client<4.0.0
2026-05-06 09:00:06,655 [INFO] DBレコード取得: 21件
2026-05-06 09:00:08,270 [INFO] samssai_202507: 20件書き込み完了
2026-05-06 09:00:09,334 [INFO] samssai_202508: 1件書き込み完了
2026-05-06 09:00:10,353 [INFO] 財務部門_集計: 21件書き込み完了
2026-05-06 09:00:10,353 [INFO] 集計シート再構築完了: 21件
2026-05-07 09:00:04,292 [INFO] file_cache is only supported with oauth2client<4.0.0
2026-05-07 09:00:06,412 [INFO] DBレコード取得: 35件
2026-05-07 09:00:08,310 [INFO] samssai_202506: 1件書き込み完了
2026-05-07 09:00:09,469 [INFO] samssai_202507: 33件書き込み完了
2026-05-07 09:00:10,633 [INFO] samssai_202508: 1件書き込み完了
2026-05-07 09:00:11,931 [INFO] 財務部門_集計: 35件書き込み完了
2026-05-07 09:00:11,931 [INFO] 集計シート再構築完了: 35件
python3: can't open file '/app/scripts/sort_sheets.py': [Errno 2] No such file or directory
Error response from daemon: No such container: nextaccount
Error response from daemon: No such container: nextaccount
2026-05-11 09:00:04,712 [INFO] file_cache is only supported with oauth2client<4.0.0
2026-05-11 09:00:07,045 [INFO] DBレコード取得: 58件
2026-05-11 09:00:07,666 [INFO] シート作成: samssai_201308
2026-05-11 09:00:09,471 [INFO] samssai_201308: 1件書き込み完了
2026-05-11 09:00:10,616 [INFO] samssai_202506: 1件書き込み完了
2026-05-11 09:00:11,726 [INFO] samssai_202507: 33件書き込み完了
2026-05-11 09:00:12,817 [INFO] samssai_202508: 23件書き込み完了
2026-05-11 09:00:13,938 [INFO] 財務部門_集計: 58件書き込み完了
2026-05-11 09:00:13,939 [INFO] 集計シート再構築完了: 58件
2026-05-12 09:00:04,886 [INFO] file_cache is only supported with oauth2client<4.0.0
2026-05-12 09:00:07,374 [INFO] DBレコード取得: 58件
2026-05-12 09:00:09,401 [INFO] samssai_201308: 1件書き込み完了
2026-05-12 09:00:10,639 [INFO] samssai_202506: 1件書き込み完了
2026-05-12 09:00:11,719 [INFO] samssai_202507: 33件書き込み完了
2026-05-12 09:00:13,058 [INFO] samssai_202508: 23件書き込み完了
2026-05-12 09:00:14,095 [INFO] 財務部門_集計: 58件書き込み完了
2026-05-12 09:00:14,095 [INFO] 集計シート再構築完了: 58件
2026-05-13 09:00:04,093 [INFO] file_cache is only supported with oauth2client<4.0.0
2026-05-13 09:00:06,748 [INFO] DBレコード取得: 58件
2026-05-13 09:00:08,982 [INFO] samssai_201308: 1件書き込み完了
2026-05-13 09:00:10,376 [INFO] samssai_202506: 1件書き込み完了
2026-05-13 09:00:11,769 [INFO] samssai_202507: 33件書き込み完了
2026-05-13 09:00:13,082 [INFO] samssai_202508: 23件書き込み完了
2026-05-13 09:00:14,498 [INFO] 財務部門_集計: 58件書き込み完了
2026-05-13 09:00:14,498 [INFO] 集計シート再構築完了: 58件
2026-05-14 09:00:04,963 [INFO] file_cache is only supported with oauth2client<4.0.0
2026-05-14 09:00:07,408 [INFO] DBレコード取得: 58件
2026-05-14 09:00:08,987 [INFO] samssai_201308: 1件書き込み完了
2026-05-14 09:00:10,177 [INFO] samssai_202506: 1件書き込み完了
2026-05-14 09:00:11,239 [INFO] samssai_202507: 33件書き込み完了
2026-05-14 09:00:12,511 [INFO] samssai_202508: 23件書き込み完了
2026-05-14 09:00:13,640 [INFO] 財務部門_集計: 58件書き込み完了
2026-05-14 09:00:13,640 [INFO] 集計シート再構築完了: 58件
2026-05-15 09:00:03,714 [INFO] file_cache is only supported with oauth2client<4.0.0
2026-05-15 09:00:06,357 [INFO] DBレコード取得: 58件
2026-05-15 09:00:08,290 [INFO] samssai_201308: 1件書き込み完了
2026-05-15 09:00:09,401 [INFO] samssai_202506: 1件書き込み完了
2026-05-15 09:00:10,528 [INFO] samssai_202507: 33件書き込み完了
2026-05-15 09:00:11,590 [INFO] samssai_202508: 23件書き込み完了
2026-05-15 09:00:12,704 [INFO] 財務部門_集計: 58件書き込み完了
2026-05-15 09:00:12,705 [INFO] 集計シート再構築完了: 58件
2026-05-16 09:00:04,132 [INFO] file_cache is only supported with oauth2client<4.0.0
2026-05-16 09:00:06,683 [INFO] DBレコード取得: 58件
2026-05-16 09:00:08,804 [INFO] samssai_201308: 1件書き込み完了
2026-05-16 09:00:10,017 [INFO] samssai_202506: 1件書き込み完了
2026-05-16 09:00:11,306 [INFO] samssai_202507: 33件書き込み完了
2026-05-16 09:00:12,474 [INFO] samssai_202508: 23件書き込み完了
2026-05-16 09:00:13,764 [INFO] 財務部門_集計: 58件書き込み完了
2026-05-16 09:00:13,765 [INFO] 集計シート再構築完了: 58件
2026-05-17 09:00:06,670 [INFO] file_cache is only supported with oauth2client<4.0.0
2026-05-17 09:00:10,167 [INFO] DBレコード取得: 58件
2026-05-17 09:00:12,159 [INFO] samssai_201308: 1件書き込み完了
2026-05-17 09:00:13,379 [INFO] samssai_202506: 1件書き込み完了
2026-05-17 09:00:14,459 [INFO] samssai_202507: 33件書き込み完了
2026-05-17 09:00:15,555 [INFO] samssai_202508: 23件書き込み完了
2026-05-17 09:00:16,636 [INFO] 財務部門_集計: 58件書き込み完了
2026-05-17 09:00:16,637 [INFO] 集計シート再構築完了: 58件
2026-05-18 09:00:04,241 [INFO] file_cache is only supported with oauth2client<4.0.0
2026-05-18 09:00:06,516 [INFO] DBレコード取得: 58件
2026-05-18 09:00:08,436 [INFO] samssai_201308: 1件書き込み完了
2026-05-18 09:00:10,191 [INFO] samssai_202506: 1件書き込み完了
2026-05-18 09:00:13,787 [INFO] samssai_202507: 33件書き込み完了
2026-05-18 09:00:16,789 [INFO] samssai_202508: 23件書き込み完了
2026-05-18 09:00:18,793 [INFO] 財務部門_集計: 58件書き込み完了
2026-05-18 09:00:18,793 [INFO] 集計シート再構築完了: 58件
2026-05-19 09:00:03,704 [INFO] file_cache is only supported with oauth2client<4.0.0
2026-05-19 09:00:05,921 [INFO] DBレコード取得: 73件
2026-05-19 09:00:07,809 [INFO] samssai_201308: 1件書き込み完了
2026-05-19 09:00:09,244 [INFO] samssai_202506: 1件書き込み完了
2026-05-19 09:00:10,584 [INFO] samssai_202507: 33件書き込み完了
2026-05-19 09:00:11,860 [INFO] samssai_202508: 38件書き込み完了
2026-05-19 09:00:13,389 [INFO] 財務部門_集計: 73件書き込み完了
2026-05-19 09:00:13,389 [INFO] 集計シート再構築完了: 73件
